<?xml version="1.0" encoding="UTF-8"?>
<!-- Generated by org.testng.reporters.JUnitReportReporter -->
<testsuite hostname="IN-PG02P63S" failures="0" tests="5" name="runner.Runner" time="0.039" errors="0" timestamp="04 Jun 2022 18:45:54 GMT" skipped="0">
  <testcase classname="runner.Runner" name="feature" time="0.001"/>
  <testcase classname="runner.Runner" name="feature" time="0.001"/>
  <testcase classname="runner.Runner" name="feature" time="0.033"/>
  <testcase classname="runner.Runner" name="feature" time="0.001"/>
  <testcase classname="runner.Runner" name="feature" time="0.003"/>
</testsuite> <!-- runner.Runner -->
